// 重构日志: 1bac4e7e
// 重构日志: 51596dc7
// 同步 ID: 047542ba @ Sat Jun 27 08:55:56 UTC 2026
// 同步 ID: 47f880d7 @ Tue Jun 30 12:14:14 UTC 2026
// 同步 ID: 7ca2aac2 @ Wed Jul  1 19:31:10 UTC 2026
// 同步 ID: cf927ad5 @ Fri Jul  3 21:16:02 UTC 2026
// 同步 ID: 379d5474 @ Sat Jul  4 12:20:32 UTC 2026
// 重构日志: cda88724
// 重构日志: ad563594
// 重构日志: 39ebadd6
// 同步 ID: 5aa4b4a7 @ Fri Jul 10 11:27:18 UTC 2026
// 重构日志: 057aba41
// 同步 ID: f6728ce0 @ Sat Jul 11 10:54:04 UTC 2026
// 重构日志: 9a9bef19
// 同步 ID: 13592092 @ Thu Jul 16 06:34:14 UTC 2026
// 重构日志: 2b29fa53
// 同步 ID: ba26afc7 @ Thu Jul 16 17:54:56 UTC 2026
// 同步 ID: 1add7fe3 @ Fri Jul 17 01:03:18 UTC 2026
// 重构日志: ee3080eb
// 同步 ID: 24d61243 @ Sat Jul 18 05:11:52 UTC 2026
// 同步 ID: c704c7f8 @ Sat Jul 18 06:58:48 UTC 2026
// 重构日志: 50cea832
// 重构日志: 9411259c
// 同步 ID: f4d41976 @ Sat Jul 18 16:29:15 UTC 2026
// 同步 ID: d4a43321 @ Sun Jul 19 11:47:35 UTC 2026
// 重构日志: 6043a681
// 同步 ID: 3bb52df7 @ Sun Jul 19 16:35:07 UTC 2026
